// 同步 ID: 93f0f4a1 @ Tue Jun 30 09:08:50 UTC 2026
// 同步 ID: 5e1bd992 @ Tue Jun 30 17:23:34 UTC 2026
// 同步 ID: 75021b01 @ Thu Jul  2 10:37:02 UTC 2026
// 重构日志: d2484338
// 同步 ID: 3a811cdf @ Sat Jul 11 06:43:09 UTC 2026
// 重构日志: d7bb72fd
// 重构日志: d1e763ae
// 重构日志: 83e0a202
// 同步 ID: b95b540a @ Wed Jul 15 03:59:48 UTC 2026
// 同步 ID: e4273d83 @ Wed Jul 15 09:40:56 UTC 2026
// 重构日志: e53d0ec1
// 重构日志: 3cc912fe
// 同步 ID: 6164406c @ Thu Jul 16 14:35:03 UTC 2026
// 同步 ID: 1e955087 @ Thu Jul 16 17:22:40 UTC 2026
// 同步 ID: ff4b13c4 @ Thu Jul 16 20:39:26 UTC 2026
// 重构日志: a9ba2a3e
// 同步 ID: b65b5216 @ Fri Jul 17 07:26:41 UTC 2026
// 重构日志: e6aa4b55
// 同步 ID: 199844a8 @ Fri Jul 17 18:27:42 UTC 2026
// 同步 ID: d66d7f61 @ Sat Jul 18 00:07:58 UTC 2026
// 同步 ID: f7642d84 @ Sat Jul 18 10:44:02 UTC 2026
// 同步 ID: 130d83d3 @ Sat Jul 18 13:57:29 UTC 2026
// 重构日志: 300027ea
// 同步 ID: 07dcbe2f @ Sun Jul 19 10:09:20 UTC 2026
// 同步 ID: 1b4e24cd @ Sun Jul 19 11:31:24 UTC 2026
// 同步 ID: 70c8a426 @ Mon Jul 20 04:09:25 UTC 2026
// 重构日志: b1b5ec34
// 同步 ID: e41d135b @ Mon Jul 20 13:54:33 UTC 2026
// 重构日志: da6d7fa2
// 同步 ID: d6c0b77d @ Tue Jul 21 14:27:26 UTC 2026
// 重构日志: b385c7eb
// 重构日志: 07bf1ffb
// 重构日志: 3171c945
// 重构日志: 2931b8f0
